2019-03-14 10:15:43 pid:76124 Workerman[ws_test.php] start in DEBUG mode
2019-03-14 10:17:50 pid:76124 Workerman[ws_test.php] stopping ...
2019-03-14 10:17:50 pid:76124 Workerman[ws_test.php] has been stopped
2019-04-01 10:03:18 pid:68146 Workerman[http_test.php] start in DEBUG mode
2019-04-01 10:03:53 pid:68146 Workerman[http_test.php] stopping ...
2019-04-01 10:03:53 pid:68146 Workerman[http_test.php] has been stopped
2019-04-01 10:04:24 pid:68185 Workerman[http_test.php] start in DEBUG mode
2019-04-01 10:05:01 pid:68185 Workerman[http_test.php] stopping ...
2019-04-01 10:05:01 pid:68185 Workerman[http_test.php] has been stopped
2019-04-01 10:06:51 pid:68222 Workerman[http_test.php] start in DEBUG mode
2019-04-01 10:07:15 pid:68222 Workerman[http_test.php] stopping ...
2019-04-01 10:07:15 pid:68222 Workerman[http_test.php] has been stopped
2019-04-01 13:35:02 pid:69992 Workerman[ws_test.php] start in DEBUG mode
2019-04-01 13:58:41 pid:69992 Workerman[ws_test.php] stopping ...
2019-04-01 13:58:41 pid:69992 Workerman[ws_test.php] has been stopped
2019-04-01 13:58:43 pid:70201 Workerman[ws_test.php] start in DEBUG mode
2019-04-01 14:01:02 pid:70201 Workerman[ws_test.php] stopping ...
2019-04-01 14:01:02 pid:70201 Workerman[ws_test.php] has been stopped
2019-04-01 14:01:03 pid:70241 Workerman[ws_test.php] start in DEBUG mode
2019-04-01 14:02:44 pid:70241 Workerman[ws_test.php] stopping ...
2019-04-01 14:02:44 pid:70241 Workerman[ws_test.php] has been stopped
2019-04-01 14:02:45 pid:70282 Workerman[ws_test.php] start in DEBUG mode
2019-04-01 14:08:39 pid:70282 Workerman[ws_test.php] stopping ...
2019-04-01 14:08:39 pid:70282 Workerman[ws_test.php] has been stopped
2019-04-01 14:08:50 pid:70347 Workerman[ws_test.php] start in DEBUG mode
2019-04-01 14:09:04 pid:70347 Workerman[ws_test.php] stopping ...
2019-04-01 14:09:04 pid:70347 Workerman[ws_test.php] has been stopped
2019-04-01 14:09:06 pid:70382 Workerman[ws_test.php] start in DEBUG mode
2019-04-01 14:09:36 pid:70382 Workerman[ws_test.php] stopping ...
2019-04-01 14:09:36 pid:70382 Workerman[ws_test.php] has been stopped
2019-04-01 14:10:04 pid:70422 Workerman[http_test.php] start in DEBUG mode
2019-04-01 14:44:56 pid:70422 Workerman[http_test.php] stopping ...
2019-04-01 14:44:56 pid:70422 Workerman[http_test.php] has been stopped
2019-04-01 14:45:09 pid:70678 Workerman[ws_test.php] start in DEBUG mode
2019-04-01 14:46:48 pid:70678 Workerman[ws_test.php] stopping ...
2019-04-01 14:46:48 pid:70678 Workerman[ws_test.php] has been stopped
2019-04-01 14:49:38 pid:70758 Workerman[ws_test.php] start in DEBUG mode
2019-04-01 14:51:47 pid:70758 Workerman[ws_test.php] stopping ...
2019-04-01 14:51:47 pid:70758 Workerman[ws_test.php] has been stopped
2019-04-01 14:51:49 pid:70815 Workerman[ws_test.php] start in DEBUG mode
2019-04-01 14:52:49 pid:70815 Workerman[ws_test.php] stopping ...
2019-04-01 14:52:49 pid:70815 Workerman[ws_test.php] has been stopped
2019-04-01 14:52:51 pid:70843 Workerman[ws_test.php] start in DEBUG mode
2019-04-01 14:53:36 pid:70843 Workerman[ws_test.php] stopping ...
2019-04-01 14:53:36 pid:70843 Workerman[ws_test.php] has been stopped
2019-04-01 14:53:48 pid:70873 Workerman[ws_test.php] start in DEBUG mode
2019-04-01 14:54:53 pid:70873 Workerman[ws_test.php] stopping ...
2019-04-01 14:54:53 pid:70873 Workerman[ws_test.php] has been stopped
2019-04-01 15:02:34 pid:70999 Workerman[ws_test.php] start in DEBUG mode
2019-04-01 15:03:41 pid:70999 Workerman[ws_test.php] stopping ...
2019-04-01 15:03:41 pid:70999 Workerman[ws_test.php] has been stopped
2019-04-01 15:06:42 pid:71142 Workerman[ws_test.php] start in DEBUG mode
2019-04-01 15:07:05 pid:71142 Workerman[ws_test.php] stopping ...
2019-04-01 15:07:05 pid:71142 Workerman[ws_test.php] has been stopped
2019-04-01 17:07:40 pid:72308 Workerman[ws_test.php] start in DEBUG mode
2019-04-01 17:08:02 pid:72308 Workerman[ws_test.php] stopping ...
2019-04-01 17:08:02 pid:72308 Workerman[ws_test.php] has been stopped
2019-04-01 17:15:18 pid:72398 Workerman[ws_test.php] start in DEBUG mode
2019-04-01 17:15:39 pid:72398 Workerman[ws_test.php] stopping ...
2019-04-01 17:15:39 pid:72398 Workerman[ws_test.php] has been stopped
